*** Using Compiler 'V5.06 update 5 (build 528)', folder: 'C:\Program_fast\Keil_v5\ARM\ARMCC\Bin'
Build target 'car_kexie_C8T6'
Note: source file '../Core/Src/system_stm32f1xx.c' - object file renamed from 'car_kexie_C8T6\system_stm32f1xx.o' to 'car_kexie_C8T6\system_stm32f1xx_1.o'.compiling main.c...
compiling kalman.c...
compiling tim.c...
compiling Moto.c...
compiling gpio.c...
compiling scan_red.c...
compiling pid.c...
compiling oled.c...
compiling usart.c...
compiling dma.c...
compiling adc.c...
compiling i2c.c...
compiling follow.c...
compiling stm32f1xx_hal_msp.c...
compiling stm32f1xx_it.c...
linking...
Program Size: Code=14360 RO-data=4792 RW-data=64 ZI-data=1472  
FromELF: creating hex file...
"car_kexie_C8T6\car_kexie_C8T6.axf" - 0 Error(s), 0 Warning(s).
Build Time Elapsed:  00:00:07
